2024-04-28 23:12:47.896 [info] Log level: Info
2024-04-28 23:12:47.896 [info] Validating found git in: "C:\Program Files\Git\cmd\git.exe"
2024-04-28 23:12:47.896 [info] Validating found git in: "C:\Program Files (x86)\Git\cmd\git.exe"
2024-04-28 23:12:47.896 [info] Validating found git in: "C:\Program Files\Git\cmd\git.exe"
2024-04-28 23:12:47.896 [info] Validating found git in: "C:\Users\UncommonStudent\AppData\Local\Programs\Git\cmd\git.exe"
2024-04-28 23:12:47.896 [info] Using git "2.42.0.windows.2" from "C:\Users\UncommonStudent\AppData\Local\Programs\Git\cmd\git.exe"
2024-04-28 23:12:48.052 [info] > git rev-parse --show-toplevel [181ms]
2024-04-28 23:12:48.194 [info] > git rev-parse --git-dir --git-common-dir [122ms]
2024-04-28 23:12:48.234 [info] Open repository: c:\Users\UncommonStudent\Documents\New Project
2024-04-28 23:12:48.517 [info] > git rev-parse --show-toplevel [246ms]
2024-04-28 23:12:48.589 [info] > git for-each-ref --format=%(refname)%00%(upstream:short)%00%(objectname)%00%(upstream:track)%00%(upstream:remotename)%00%(upstream:remoteref) --ignore-case refs/heads/main refs/remotes/main [285ms]
2024-04-28 23:12:48.626 [info] > git config --get commit.template [366ms]
2024-04-28 23:12:49.310 [info] > git status -z -uall [672ms]
2024-04-28 23:12:49.368 [info] > git rev-parse --show-toplevel [837ms]
2024-04-28 23:12:49.723 [info] > git merge-base refs/heads/main refs/remotes/origin/main [377ms]
2024-04-28 23:12:50.001 [info] > git check-ignore -v -z --stdin [713ms]
2024-04-28 23:12:50.273 [info] > git config --get commit.template [581ms]
2024-04-28 23:12:50.274 [info] > git -c core.longpaths=true rev-list --count --left-right refs/heads/main...refs/remotes/origin/main [541ms]
2024-04-28 23:12:50.288 [info] > git rev-parse --show-toplevel [575ms]
2024-04-28 23:12:50.424 [info] > git for-each-ref --format=%(refname)%00%(upstream:short)%00%(objectname)%00%(upstream:track)%00%(upstream:remotename)%00%(upstream:remoteref) --ignore-case refs/heads/main refs/remotes/main [271ms]
2024-04-28 23:12:50.542 [info] > git diff --name-status -z --diff-filter=ADMR 8a40bb9dbd638e236ce37e3752ac7e6fcd86c241...refs/remotes/origin/main [253ms]
2024-04-28 23:12:50.719 [info] > git rev-parse --show-toplevel [335ms]
2024-04-28 23:12:50.850 [info] > git status -z -uall [404ms]
2024-04-28 23:12:51.080 [info] > git rev-parse --show-toplevel [351ms]
2024-04-28 23:12:51.457 [info] > git rev-parse --show-toplevel [356ms]
2024-04-28 23:12:51.695 [info] > git rev-parse --show-toplevel [221ms]
2024-04-28 23:12:52.172 [info] > git rev-parse --show-toplevel [465ms]
2024-04-28 23:12:52.446 [info] > git rev-parse --show-toplevel [211ms]
2024-04-28 23:12:52.593 [info] > git rev-parse --show-toplevel [136ms]
2024-04-28 23:12:52.717 [info] > git rev-parse --show-toplevel [116ms]
2024-04-28 23:12:52.861 [info] > git rev-parse --show-toplevel [136ms]
2024-04-28 23:12:52.892 [info] > git check-ignore -v -z --stdin [145ms]
2024-04-28 23:12:53.016 [info] > git rev-parse --show-toplevel [147ms]
2024-04-28 23:12:53.133 [info] > git rev-parse --show-toplevel [108ms]
2024-04-28 23:12:53.276 [info] > git rev-parse --show-toplevel [135ms]
2024-04-28 23:12:53.469 [info] > git rev-parse --show-toplevel [183ms]
2024-04-28 23:12:53.623 [info] > git rev-parse --show-toplevel [144ms]
2024-04-28 23:12:54.051 [info] > git rev-parse --show-toplevel [420ms]
2024-04-28 23:12:54.237 [info] > git rev-parse --show-toplevel [178ms]
2024-04-28 23:12:54.574 [info] > git ls-files --stage -- C:\Users\UncommonStudent\Documents\New Project\.vscode\settings.json [301ms]
2024-04-28 23:12:54.644 [info] > git show --textconv :.vscode/settings.json [387ms]
2024-04-28 23:12:54.883 [info] > git check-ignore -v -z --stdin [459ms]
2024-04-28 23:12:54.937 [info] > git cat-file -s f673a71b7a275609030462c0278586d61e5f3a00 [349ms]
2024-04-28 23:13:02.219 [info] > git config --get commit.template [141ms]
2024-04-28 23:13:02.228 [info] > git for-each-ref --format=%(refname)%00%(upstream:short)%00%(objectname)%00%(upstream:track)%00%(upstream:remotename)%00%(upstream:remoteref) --ignore-case refs/heads/main refs/remotes/main [135ms]
2024-04-28 23:13:02.354 [info] > git status -z -uall [118ms]
2024-04-28 23:13:07.594 [info] > git config --get commit.template [167ms]
2024-04-28 23:13:07.602 [info] > git for-each-ref --format=%(refname)%00%(upstream:short)%00%(objectname)%00%(upstream:track)%00%(upstream:remotename)%00%(upstream:remoteref) --ignore-case refs/heads/main refs/remotes/main [168ms]
2024-04-28 23:13:07.725 [info] > git status -z -uall [113ms]
2024-04-28 23:13:12.928 [info] > git config --get commit.template [146ms]
2024-04-28 23:13:12.934 [info] > git for-each-ref --format=%(refname)%00%(upstream:short)%00%(objectname)%00%(upstream:track)%00%(upstream:remotename)%00%(upstream:remoteref) --ignore-case refs/heads/main refs/remotes/main [144ms]
2024-04-28 23:13:13.086 [info] > git status -z -uall [144ms]
2024-04-28 23:13:20.110 [info] > git config --get commit.template [146ms]
2024-04-28 23:13:20.122 [info] > git for-each-ref --format=%(refname)%00%(upstream:short)%00%(objectname)%00%(upstream:track)%00%(upstream:remotename)%00%(upstream:remoteref) --ignore-case refs/heads/main refs/remotes/main [142ms]
2024-04-28 23:13:20.276 [info] > git status -z -uall [144ms]
2024-04-28 23:13:25.478 [info] > git config --get commit.template [134ms]
2024-04-28 23:13:25.500 [info] > git for-each-ref --format=%(refname)%00%(upstream:short)%00%(objectname)%00%(upstream:track)%00%(upstream:remotename)%00%(upstream:remoteref) --ignore-case refs/heads/main refs/remotes/main [142ms]
2024-04-28 23:13:25.642 [info] > git status -z -uall [133ms]
2024-04-28 23:13:32.383 [info] > git config --get commit.template [144ms]
2024-04-28 23:13:32.406 [info] > git for-each-ref --format=%(refname)%00%(upstream:short)%00%(objectname)%00%(upstream:track)%00%(upstream:remotename)%00%(upstream:remoteref) --ignore-case refs/heads/main refs/remotes/main [147ms]
2024-04-28 23:13:32.543 [info] > git status -z -uall [129ms]
2024-04-28 23:13:37.700 [info] > git config --get commit.template [110ms]
2024-04-28 23:13:37.724 [info] > git for-each-ref --format=%(refname)%00%(upstream:short)%00%(objectname)%00%(upstream:track)%00%(upstream:remotename)%00%(upstream:remoteref) --ignore-case refs/heads/main refs/remotes/main [125ms]
2024-04-28 23:13:37.852 [info] > git status -z -uall [121ms]
2024-04-28 23:13:43.030 [info] > git config --get commit.template [126ms]
2024-04-28 23:13:43.042 [info] > git for-each-ref --format=%(refname)%00%(upstream:short)%00%(objectname)%00%(upstream:track)%00%(upstream:remotename)%00%(upstream:remoteref) --ignore-case refs/heads/main refs/remotes/main [131ms]
2024-04-28 23:13:43.165 [info] > git status -z -uall [113ms]
2024-04-28 23:13:48.369 [info] > git config --get commit.template [137ms]
2024-04-28 23:13:48.382 [info] > git for-each-ref --format=%(refname)%00%(upstream:short)%00%(objectname)%00%(upstream:track)%00%(upstream:remotename)%00%(upstream:remoteref) --ignore-case refs/heads/main refs/remotes/main [139ms]
2024-04-28 23:13:48.512 [info] > git status -z -uall [121ms]
2024-04-28 23:14:34.150 [info] > git config --get commit.template [163ms]
2024-04-28 23:14:34.161 [info] > git for-each-ref --format=%(refname)%00%(upstream:short)%00%(objectname)%00%(upstream:track)%00%(upstream:remotename)%00%(upstream:remoteref) --ignore-case refs/heads/main refs/remotes/main [158ms]
2024-04-28 23:14:34.309 [info] > git status -z -uall [140ms]
2024-04-29 00:04:04.327 [info] > git config --get commit.template [2243ms]
2024-04-29 00:04:04.464 [info] > git for-each-ref --format=%(refname)%00%(upstream:short)%00%(objectname)%00%(upstream:track)%00%(upstream:remotename)%00%(upstream:remoteref) --ignore-case refs/heads/main refs/remotes/main [2079ms]
2024-04-29 00:04:05.138 [info] > git status -z -uall [658ms]
2024-04-29 00:04:07.029 [info] > git ls-files --stage -- C:\Users\UncommonStudent\Documents\New Project\.vscode\settings.json [316ms]
2024-04-29 00:04:07.292 [info] > git cat-file -s f673a71b7a275609030462c0278586d61e5f3a00 [248ms]
2024-04-29 00:04:07.559 [info] > git show --textconv :.vscode/settings.json [247ms]
